<?xml version="1.0" encoding="UTF-8"?>
<!-- Generated by org.testng.reporters.JUnitReportReporter -->
<testsuite hostname="Newt-PBS07" failures="0" tests="1" name="com.newt.test.SelTest" time="9.383" errors="0" timestamp="28 Jun 2018 19:12:43 GMT" skipped="0">
  <testcase classname="com.newt.test.SelTest" name="test" time="9.383"/>
</testsuite> <!-- com.newt.test.SelTest -->
